<?xml version="1.0" encoding="UTF-8"?>
<!-- Generated by org.testng.reporters.JUnitReportReporter -->
<testsuite hostname="DESKTOP-GI7N7LG" failures="0" tests="2" name="testScript.ManageNewsTest" time="7.176" errors="0" timestamp="2025-02-17T13:10:22 IST" skipped="0">
  <testcase classname="testScript.ManageNewsTest" name="verifyNewNewsCreation" time="3.679"/>
  <testcase classname="testScript.ManageNewsTest" name="verifyCreatedNewsSearch" time="3.497"/>
</testsuite> <!-- testScript.ManageNewsTest -->
