<?xml version="1.0" encoding="UTF-8"?>
<!-- Generated by org.testng.reporters.JUnitReportReporter -->
<testsuite hostname="DESKTOP-GI7N7LG" failures="0" tests="2" name="testScript.AdminUsersTest" time="8.929" errors="0" timestamp="2025-02-20T15:21:04 IST" skipped="0">
  <testcase classname="testScript.AdminUsersTest" name="verifyCreationOfNewAdminUsers" time="4.849"/>
  <testcase classname="testScript.AdminUsersTest" name="verifyAdminUserSearch" time="4.080"/>
</testsuite> <!-- testScript.AdminUsersTest -->
