<?xml version="1.0" encoding="UTF-8"?>
<!-- Generated by org.testng.reporters.JUnitReportReporter -->
<testsuite hostname="DESKTOP-GI7N7LG" failures="0" tests="1" name="testScript.LoginTest" time="7.770" errors="0" timestamp="2025-02-05T14:07:56 IST" skipped="0">
  <testcase classname="testScript.LoginTest" name="verifyLoginWithValidUsernameInvalidPassword" time="7.770"/>
</testsuite> <!-- testScript.LoginTest -->
