<?xml version="1.0" encoding="UTF-8"?>
<!-- Generated by org.testng.reporters.JUnitReportReporter -->
<testsuite hostname="DESKTOP-GI7N7LG" failures="0" tests="1" name="testScript.HomeTest" time="3.086" errors="0" timestamp="2025-02-20T15:21:04 IST" skipped="0">
  <testcase classname="testScript.HomeTest" name="verifyLogOut" time="3.086"/>
</testsuite> <!-- testScript.HomeTest -->
