<?xml version="1.0" encoding="UTF-8"?>
<!-- Generated by org.testng.reporters.JUnitReportReporter -->
<testsuite hostname="DESKTOP-GI7N7LG" failures="0" tests="2" name="testScript.AdminUsersTest" time="11.275" errors="0" timestamp="2025-02-17T13:10:22 IST" skipped="0">
  <testcase classname="testScript.AdminUsersTest" name="verifyCreationOfNewAdminUsers" time="6.301"/>
  <testcase classname="testScript.AdminUsersTest" name="verifyAdminUserSearch" time="4.974"/>
</testsuite> <!-- testScript.AdminUsersTest -->
