<?xml version="1.0" encoding="UTF-8"?>
<!-- Generated by org.testng.reporters.JUnitReportReporter -->
<testsuite hostname="DESKTOP-GI7N7LG" failures="0" tests="3" name="testScript.AdminUsersTest" time="28.205" errors="0" timestamp="2025-02-11T14:43:16 IST" skipped="1">
  <testcase classname="testScript.AdminUsersTest" name="verifyCreationOfNewAdminUsers" time="4.526"/>
  <testcase classname="testScript.AdminUsersTest" name="verifyCreationOfNewAdminUsers" time="16.915">
    <skipped/>
  </testcase> <!-- verifyCreationOfNewAdminUsers -->
  <testcase classname="testScript.AdminUsersTest" name="verifyAdminUserSearch" time="6.764"/>
</testsuite> <!-- testScript.AdminUsersTest -->
