<?xml version="1.0" encoding="UTF-8"?>
<!-- Generated by org.testng.reporters.JUnitReportReporter -->
<testsuite hostname="DESKTOP-GI7N7LG" failures="0" tests="4" name="testScript.LoginTest" time="12.221" errors="0" timestamp="2025-02-20T15:21:04 IST" skipped="0">
  <testcase classname="testScript.LoginTest" name="verifyLoginWithValidCredentials" time="3.723"/>
  <testcase classname="testScript.LoginTest" name="verifyLoginWithValidUsernameInvalidPassword" time="2.496"/>
  <testcase classname="testScript.LoginTest" name="verifyLoginWithInvalidUsenameValidPassword" time="3.490"/>
  <testcase classname="testScript.LoginTest" name="verifyLoginWithInvalidUsenameInValidPassword" time="2.512"/>
</testsuite> <!-- testScript.LoginTest -->
